<?xml version="1.0" encoding="UTF-8"?>
<!-- Generated by org.testng.reporters.JUnitXMLReporter -->
<testsuite hostname="devops182" ignored="0" name="Test" tests="16" failures="0" timestamp="30 Aug 2017 09:41:39 GMT" time="77.939" errors="0">
  <testcase name="setup" time="6.335" classname="jpetStoreckg.catalogueDetailPage4"/>
  <testcase name="setup" time="4.957" classname="jpetStoreckg.catalogueDetailPage5"/>
  <testcase name="setup" time="6.266" classname="jpetStoreckg.Register"/>
  <testcase name="setup" time="4.17" classname="jpetStoreckg.catalogueDetailPage"/>
  <testcase name="setup" time="4.954" classname="jpetStoreckg.catalogueDetailPage2"/>
  <testcase name="setup" time="4.866" classname="jpetStoreckg.catalogueDetailPage3"/>
  <testcase name="setup" time="4.187" classname="jpetStoreckg.catalogueTest"/>
  <testcase name="setup" time="5.044" classname="jpetStoreckg.signOut"/>
  <testcase name="setup" time="5.133" classname="jpetStoreckg.loginTest"/>
  <testcase name="setup" time="4.749" classname="jpetStoreckg.homePageNavigation"/>
  <testcase name="setup" time="4.859" classname="jpetStoreckg.catalogueTest4"/>
  <testcase name="setup" time="4.685" classname="jpetStoreckg.catalogueTest5"/>
  <testcase name="setup" time="4.451" classname="jpetStoreckg.baseTest"/>
  <testcase name="setup" time="4.244" classname="jpetStoreckg.catalogueTest2"/>
  <testcase name="setup" time="4.518" classname="jpetStoreckg.catalogueTest3"/>
  <testcase name="setup" time="4.447" classname="jpetStoreckg.cartPage"/>
</testsuite> <!-- Test -->
